<?xml version="1.0" encoding="UTF-8"?>
<!-- Generated by org.testng.reporters.JUnitReportReporter -->
<testsuite skipped="0" hostname="Adityaalok" name="API.RestAssured.Post_Request" tests="2" failures="0" timestamp="04 Nov 2019 07:26:47 GMT" time="2.201" errors="0">
  <testcase name="test2" time="1.156" classname="API.RestAssured.Post_Request"/>
  <testcase name="post" time="1.045" classname="API.RestAssured.Post_Request"/>
</testsuite> <!-- API.RestAssured.Post_Request -->
