<?xml version="1.0" encoding="UTF-8"?>
<!-- Generated by org.testng.reporters.JUnitReportReporter -->
<testsuite skipped="0" hostname="Adityaalok" name="API.RestAssured.Put_Request" tests="2" failures="0" timestamp="04 Nov 2019 07:26:47 GMT" time="4.457" errors="0">
  <testcase name="PutRequest2" time="2.011" classname="API.RestAssured.Put_Request"/>
  <testcase name="PutRequest1" time="2.446" classname="API.RestAssured.Put_Request"/>
</testsuite> <!-- API.RestAssured.Put_Request -->
