<?xml version="1.0" encoding="UTF-8"?>
<!-- Generated by org.testng.reporters.JUnitReportReporter -->
<testsuite skipped="0" hostname="Adityaalok" name="API.RestAssured.Get_Request" tests="2" failures="0" timestamp="04 Nov 2019 07:26:47 GMT" time="3.187" errors="0">
  <testcase name="Test2" time="1.172" classname="API.RestAssured.Get_Request"/>
  <testcase name="Test1" time="2.015" classname="API.RestAssured.Get_Request"/>
</testsuite> <!-- API.RestAssured.Get_Request -->
