<?xml version="1.0" encoding="UTF-8"?>
<!-- Generated by org.testng.reporters.JUnitReportReporter -->
<testsuite skipped="0" hostname="Adityaalok" name="API.RestAssured.patch_Request" tests="2" failures="0" timestamp="04 Nov 2019 07:26:47 GMT" time="4.093" errors="0">
  <testcase name="PatchRequest2" time="1.874" classname="API.RestAssured.patch_Request"/>
  <testcase name="PatchRequest1" time="2.219" classname="API.RestAssured.patch_Request"/>
</testsuite> <!-- API.RestAssured.patch_Request -->
