<?xml version="1.0" encoding="UTF-8"?>
<!-- Generated by org.testng.reporters.JUnitReportReporter -->
<testsuite skipped="0" hostname="Adityaalok" name="API.RestAssured.delete_Request" tests="2" failures="0" timestamp="04 Nov 2019 07:26:47 GMT" time="4.199" errors="0">
  <testcase name="DeleteRequest1" time="1.949" classname="API.RestAssured.delete_Request"/>
  <testcase name="DeleteRequest2" time="2.250" classname="API.RestAssured.delete_Request"/>
</testsuite> <!-- API.RestAssured.delete_Request -->
